# JRE version: OpenJDK Runtime Environment (11.0.11+9) (build 11.0.11+9-b60-7590822)
# Java VM: OpenJDK 64-Bit Server VM (11.0.11+9-b60-7590822, mixed mode, tiered, compressed oops, g1 gc, windows-amd64)
Heap:
 garbage-first heap   total 157696K, used 29512K [0x0000000081c00000, 0x0000000100000000)
  region size 1024K, 6 young (6144K), 6 survivors (6144K)
 Metaspace       used 46051K, capacity 46627K, committed 46720K, reserved 1089536K
  class space    used 5482K, capacity 5687K, committed 5760K, reserved 1048576K
GC Heap History (9 events):
Event: 0.564 GC heap before
{Heap before GC invocations=0 (full 0):
 garbage-first heap   total 131072K, used 17408K [0x0000000081c00000, 0x0000000100000000)
  region size 1024K, 14 young (14336K), 0 survivors (0K)
 Metaspace       used 9812K, capacity 9871K, committed 10112K, reserved 1058816K
  class space    used 835K, capacity 884K, committed 896K, reserved 1048576K
}
Event: 0.568 GC heap after
{Heap after GC invocations=1 (full 0):
 garbage-first heap   total 131072K, used 5250K [0x0000000081c00000, 0x0000000100000000)
  region size 1024K, 2 young (2048K), 2 survivors (2048K)
 Metaspace       used 9812K, capacity 9871K, committed 10112K, reserved 1058816K
  class space    used 835K, capacity 884K, committed 896K, reserved 1048576K
}
Event: 1.795 GC heap before
{Heap before GC invocations=1 (full 0):
 garbage-first heap   total 131072K, used 51330K [0x0000000081c00000, 0x0000000100000000)
  region size 1024K, 48 young (49152K), 2 survivors (2048K)
 Metaspace       used 20931K, capacity 21150K, committed 21248K, reserved 1069056K
  class space    used 2201K, capacity 2257K, committed 2304K, reserved 1048576K
}
Event: 1.812 GC heap after
{Heap after GC invocations=2 (full 0):
 garbage-first heap   total 131072K, used 9633K [0x0000000081c00000, 0x0000000100000000)
  region size 1024K, 7 young (7168K), 7 survivors (7168K)
 Metaspace       used 20931K, capacity 21150K, committed 21248K, reserved 1069056K
  class space    used 2201K, capacity 2257K, committed 2304K, reserved 1048576K
}
Event: 3.689 GC heap before
{Heap before GC invocations=3 (full 0):
 garbage-first heap   total 131072K, used 70049K [0x0000000081c00000, 0x0000000100000000)
  region size 1024K, 54 young (55296K), 7 survivors (7168K)
 Metaspace       used 31314K, capacity 31833K, committed 32128K, reserved 1077248K
  class space    used 3694K, capacity 3873K, committed 3968K, reserved 1048576K
}
Event: 3.716 GC heap after
{Heap after GC invocations=4 (full 0):
 garbage-first heap   total 131072K, used 23688K [0x0000000081c00000, 0x0000000100000000)
  region size 1024K, 6 young (6144K), 6 survivors (6144K)
 Metaspace       used 31314K, capacity 31833K, committed 32128K, reserved 1077248K
  class space    used 3694K, capacity 3873K, committed 3968K, reserved 1048576K
}
Event: 4.191 GC heap before
{Heap before GC invocations=4 (full 0):
 garbage-first heap   total 131072K, used 39048K [0x0000000081c00000, 0x0000000100000000)
  region size 1024K, 22 young (22528K), 6 survivors (6144K)
 Metaspace       used 35245K, capacity 35692K, committed 35840K, reserved 1081344K
  class space    used 4341K, capacity 4520K, committed 4608K, reserved 1048576K
}
Event: 4.209 GC heap after
{Heap after GC invocations=5 (full 0):
 garbage-first heap   total 131072K, used 25536K [0x0000000081c00000, 0x0000000100000000)
  region size 1024K, 2 young (2048K), 2 survivors (2048K)
 Metaspace       used 35245K, capacity 35692K, committed 35840K, reserved 1081344K
  class space    used 4341K, capacity 4520K, committed 4608K, reserved 1048576K
}
Event: 5.404 GC heap before
{Heap before GC invocations=6 (full 0):
 garbage-first heap   total 131072K, used 76736K [0x0000000081c00000, 0x0000000100000000)
  region size 1024K, 52 young (53248K), 2 survivors (2048K)
 Metaspace       used 46051K, capacity 46627K, committed 46720K, reserved 1089536K
  class space    used 5482K, capacity 5687K, committed 5760K, reserved 1048576K
}

