# JRE version: OpenJDK Runtime Environment (11.0.11+9) (build 11.0.11+9-b60-7590822)
# Java VM: OpenJDK 64-Bit Server VM (11.0.11+9-b60-7590822, mixed mode, tiered, compressed oops, g1 gc, windows-amd64)
Heap:
 garbage-first heap   total 157696K, used 28735K [0x0000000081c00000, 0x0000000100000000)
  region size 1024K, 6 young (6144K), 6 survivors (6144K)
 Metaspace       used 46261K, capacity 46800K, committed 46976K, reserved 1091584K
  class space    used 5477K, capacity 5657K, committed 5760K, reserved 1048576K
GC Heap History (9 events):
Event: 0.715 GC heap before
{Heap before GC invocations=0 (full 0):
 garbage-first heap   total 131072K, used 17408K [0x0000000081c00000, 0x0000000100000000)
  region size 1024K, 14 young (14336K), 0 survivors (0K)
 Metaspace       used 9780K, capacity 9871K, committed 10112K, reserved 1058816K
  class space    used 834K, capacity 884K, committed 896K, reserved 1048576K
}
Event: 0.719 GC heap after
{Heap after GC invocations=1 (full 0):
 garbage-first heap   total 131072K, used 5159K [0x0000000081c00000, 0x0000000100000000)
  region size 1024K, 2 young (2048K), 2 survivors (2048K)
 Metaspace       used 9780K, capacity 9871K, committed 10112K, reserved 1058816K
  class space    used 834K, capacity 884K, committed 896K, reserved 1048576K
}
Event: 1.918 GC heap before
{Heap before GC invocations=1 (full 0):
 garbage-first heap   total 131072K, used 52263K [0x0000000081c00000, 0x0000000100000000)
  region size 1024K, 49 young (50176K), 2 survivors (2048K)
 Metaspace       used 20983K, capacity 21183K, committed 21248K, reserved 1069056K
  class space    used 2214K, capacity 2289K, committed 2304K, reserved 1048576K
}
Event: 1.937 GC heap after
{Heap after GC invocations=2 (full 0):
 garbage-first heap   total 131072K, used 9563K [0x0000000081c00000, 0x0000000100000000)
  region size 1024K, 7 young (7168K), 7 survivors (7168K)
 Metaspace       used 20983K, capacity 21183K, committed 21248K, reserved 1069056K
  class space    used 2214K, capacity 2289K, committed 2304K, reserved 1048576K
}
Event: 3.185 GC heap before
{Heap before GC invocations=3 (full 0):
 garbage-first heap   total 131072K, used 67931K [0x0000000081c00000, 0x0000000100000000)
  region size 1024K, 56 young (57344K), 7 survivors (7168K)
 Metaspace       used 30947K, capacity 31450K, committed 31744K, reserved 1077248K
  class space    used 3640K, capacity 3809K, committed 3840K, reserved 1048576K
}
Event: 3.212 GC heap after
{Heap after GC invocations=4 (full 0):
 garbage-first heap   total 131072K, used 22801K [0x0000000081c00000, 0x0000000100000000)
  region size 1024K, 7 young (7168K), 7 survivors (7168K)
 Metaspace       used 30947K, capacity 31450K, committed 31744K, reserved 1077248K
  class space    used 3640K, capacity 3809K, committed 3840K, reserved 1048576K
}
Event: 3.667 GC heap before
{Heap before GC invocations=4 (full 0):
 garbage-first heap   total 131072K, used 45329K [0x0000000081c00000, 0x0000000100000000)
  region size 1024K, 26 young (26624K), 7 survivors (7168K)
 Metaspace       used 35198K, capacity 35661K, committed 35840K, reserved 1081344K
  class space    used 4326K, capacity 4487K, committed 4608K, reserved 1048576K
}
Event: 3.684 GC heap after
{Heap after GC invocations=5 (full 0):
 garbage-first heap   total 131072K, used 26838K [0x0000000081c00000, 0x0000000100000000)
  region size 1024K, 2 young (2048K), 2 survivors (2048K)
 Metaspace       used 35198K, capacity 35661K, committed 35840K, reserved 1081344K
  class space    used 4326K, capacity 4487K, committed 4608K, reserved 1048576K
}
Event: 5.034 GC heap before
{Heap before GC invocations=6 (full 0):
 garbage-first heap   total 131072K, used 81110K [0x0000000081c00000, 0x0000000100000000)
  region size 1024K, 55 young (56320K), 2 survivors (2048K)
 Metaspace       used 46261K, capacity 46800K, committed 46976K, reserved 1091584K
  class space    used 5477K, capacity 5657K, committed 5760K, reserved 1048576K
}

